[20:32:42] [main/INFO]: Setting user: Player718
[20:32:42] [Client thread/INFO]: LWJGL Version: 2.9.0
[20:32:45] [Client thread/INFO]: Reloading ResourceManager: Default, FMLFileResourcePack:Forge Mod Loader, FMLFileResourcePack:Minecraft Forge, FMLFileResourcePack:Gaia Mod
[20:32:46] [Sound Library Loader/INFO]: Sound engine started
[20:32:46] [Client thread/INFO]: Created: 512x256 textures/blocks-atlas
[20:32:46] [Client thread/INFO]: Created: 256x256 textures/items-atlas
[20:32:46] [Client thread/INFO]: Reloading ResourceManager: Default, FMLFileResourcePack:Forge Mod Loader, FMLFileResourcePack:Minecraft Forge, FMLFileResourcePack:Gaia Mod
[20:32:46] [Client thread/INFO]: Created: 256x256 textures/items-atlas
[20:32:46] [Client thread/INFO]: Created: 512x256 textures/blocks-atlas
[20:32:47] [Sound Library Loader/INFO]: Sound engine started
[20:32:49] [MCO Availability Checker #1/ERROR]: Couldn't connect to Realms
[20:33:12] [Server thread/INFO]: Starting integrated minecraft server version 1.7.2
[20:33:12] [Server thread/INFO]: Generating keypair
[20:33:12] [Server thread/INFO]: Converting map!
[20:33:12] [Server thread/INFO]: Scanning folders...
[20:33:12] [Server thread/INFO]: Total conversion count is 0
[20:33:12] [Server thread/INFO]: Preparing start region for level 0
[20:33:13] [Server thread/INFO]: Preparing spawn area: 12%
[20:33:14] [Server thread/INFO]: Preparing spawn area: 32%
[20:33:15] [Server thread/INFO]: Preparing spawn area: 52%
[20:33:17] [Server thread/INFO]: Preparing spawn area: 71%
[20:33:18] [Server thread/INFO]: Preparing spawn area: 93%
[20:33:18] [Server thread/INFO]: Player718[local:E:6e161039] logged in with entity id 102 at (-174.5, 71.0, 136.5)
[20:33:18] [Server thread/INFO]: Player718 joined the game
[20:33:35] [Server thread/INFO]: Saving and pausing game...
[20:33:35] [Server thread/INFO]: Saving chunks for level 'Testing'/Overworld
[20:33:35] [Server thread/INFO]: Saving chunks for level 'Testing'/Nether
[20:33:35] [Server thread/INFO]: Saving chunks for level 'Testing'/The End
[20:33:36] [Server thread/INFO]: Stopping server
[20:33:36] [Server thread/INFO]: Saving players
[20:33:36] [Server thread/INFO]: Saving worlds
[20:33:36] [Server thread/INFO]: Saving chunks for level 'Testing'/Overworld
[20:33:36] [Server thread/INFO]: Saving chunks for level 'Testing'/Nether
[20:33:36] [Server thread/INFO]: Saving chunks for level 'Testing'/The End
[20:33:41] [Server thread/INFO]: Starting integrated minecraft server version 1.7.2
[20:33:41] [Server thread/INFO]: Generating keypair
[20:33:41] [Server thread/INFO]: Preparing start region for level 0
[20:33:41] [Server thread/INFO]: Player718[local:E:3372e7bb] logged in with entity id 5849 at (-141.45700295950252, 70.0, 123.00640465490642)
[20:33:41] [Server thread/INFO]: Player718 joined the game
[20:33:42] [Server thread/INFO]: Saving and pausing game...
[20:33:42] [Server thread/INFO]: Saving chunks for level 'Testing'/Overworld
[20:33:42] [Server thread/INFO]: Saving chunks for level 'Testing'/Nether
[20:33:42] [Server thread/INFO]: Saving chunks for level 'Testing'/The End
[20:34:28] [Server thread/INFO]: Stopping server
[20:34:28] [Server thread/INFO]: Saving players
[20:34:28] [Server thread/INFO]: Saving worlds
[20:34:28] [Server thread/INFO]: Saving chunks for level 'Testing'/Overworld
[20:34:28] [Server thread/INFO]: Saving chunks for level 'Testing'/Nether
[20:34:28] [Server thread/INFO]: Saving chunks for level 'Testing'/The End
[20:34:29] [Client thread/INFO]: Stopping!
